2020-12-24 11:43:48.959  INFO 29676 --- [main] com.zykj.follow.FollowApplication        : Starting FollowApplication using Java 1.8.0_192 on 192.168.0.109 with PID 29676 (/Users/tang/IdeaProjects/boc_yn/follow/out/production/classes started by tang in /Users/tang/IdeaProjects/boc_yn)
2020-12-24 11:43:48.972  INFO 29676 --- [main] com.zykj.follow.FollowApplication        : The following profiles are active: prod
2020-12-24 11:43:49.083  WARN 29676 --- [background-preinit] o.s.h.c.j.Jackson2ObjectMapperBuilder    : For Jackson Kotlin classes support please add "com.fasterxml.jackson.module:jackson-module-kotlin" to the classpath
2020-12-24 11:43:50.452  INFO 29676 --- [main] .s.d.r.c.RepositoryConfigurationDelegate : Multiple Spring Data modules found, entering strict repository configuration mode!
2020-12-24 11:43:50.453  INFO 29676 --- [main] .s.d.r.c.RepositoryConfigurationDelegate : Bootstrapping Spring Data JPA repositories in DEFERRED mode.
2020-12-24 11:43:50.595  INFO 29676 --- [main] .s.d.r.c.RepositoryConfigurationDelegate : Finished Spring Data repository scanning in 131 ms. Found 13 JPA repository interfaces.
2020-12-24 11:43:50.631  INFO 29676 --- [main] .s.d.r.c.RepositoryConfigurationDelegate : Multiple Spring Data modules found, entering strict repository configuration mode!
2020-12-24 11:43:50.632  INFO 29676 --- [main] .s.d.r.c.RepositoryConfigurationDelegate : Bootstrapping Spring Data Redis repositories in DEFAULT mode.
2020-12-24 11:43:50.691  INFO 29676 --- [main] .RepositoryConfigurationExtensionSupport : Spring Data Redis - Could not safely identify store assignment for repository candidate interface com.zykj.follow.repository.BranchRepository. If you want this repository to be a Redis repository, consider annotating your entities with one of these annotations: org.springframework.data.redis.core.RedisHash (preferred), or consider extending one of the following types with your repository: org.springframework.data.keyvalue.repository.KeyValueRepository.
2020-12-24 11:43:50.693  INFO 29676 --- [main] .RepositoryConfigurationExtensionSupport : Spring Data Redis - Could not safely identify store assignment for repository candidate interface com.zykj.follow.repository.BusinessSupportRepository. If you want this repository to be a Redis repository, consider annotating your entities with one of these annotations: org.springframework.data.redis.core.RedisHash (preferred), or consider extending one of the following types with your repository: org.springframework.data.keyvalue.repository.KeyValueRepository.
2020-12-24 11:43:50.695  INFO 29676 --- [main] .RepositoryConfigurationExtensionSupport : Spring Data Redis - Could not safely identify store assignment for repository candidate interface com.zykj.follow.repository.CollectRecordsRepository. If you want this repository to be a Redis repository, consider annotating your entities with one of these annotations: org.springframework.data.redis.core.RedisHash (preferred), or consider extending one of the following types with your repository: org.springframework.data.keyvalue.repository.KeyValueRepository.
2020-12-24 11:43:50.695  INFO 29676 --- [main] .RepositoryConfigurationExtensionSupport : Spring Data Redis - Could not safely identify store assignment for repository candidate interface com.zykj.follow.repository.InvitationRecordRepository. If you want this repository to be a Redis repository, consider annotating your entities with one of these annotations: org.springframework.data.redis.core.RedisHash (preferred), or consider extending one of the following types with your repository: org.springframework.data.keyvalue.repository.KeyValueRepository.
2020-12-24 11:43:50.696  INFO 29676 --- [main] .RepositoryConfigurationExtensionSupport : Spring Data Redis - Could not safely identify store assignment for repository candidate interface com.zykj.follow.repository.LotteryNumberRepository. If you want this repository to be a Redis repository, consider annotating your entities with one of these annotations: org.springframework.data.redis.core.RedisHash (preferred), or consider extending one of the following types with your repository: org.springframework.data.keyvalue.repository.KeyValueRepository.
2020-12-24 11:43:50.698  INFO 29676 --- [main] .RepositoryConfigurationExtensionSupport : Spring Data Redis - Could not safely identify store assignment for repository candidate interface com.zykj.follow.repository.PayOrderRepository. If you want this repository to be a Redis repository, consider annotating your entities with one of these annotations: org.springframework.data.redis.core.RedisHash (preferred), or consider extending one of the following types with your repository: org.springframework.data.keyvalue.repository.KeyValueRepository.
2020-12-24 11:43:50.700  INFO 29676 --- [main] .RepositoryConfigurationExtensionSupport : Spring Data Redis - Could not safely identify store assignment for repository candidate interface com.zykj.follow.repository.PrizeInfoRepository. If you want this repository to be a Redis repository, consider annotating your entities with one of these annotations: org.springframework.data.redis.core.RedisHash (preferred), or consider extending one of the following types with your repository: org.springframework.data.keyvalue.repository.KeyValueRepository.
2020-12-24 11:43:50.701  INFO 29676 --- [main] .RepositoryConfigurationExtensionSupport : Spring Data Redis - Could not safely identify store assignment for repository candidate interface com.zykj.follow.repository.ReceivePhoneInfoRepository. If you want this repository to be a Redis repository, consider annotating your entities with one of these annotations: org.springframework.data.redis.core.RedisHash (preferred), or consider extending one of the following types with your repository: org.springframework.data.keyvalue.repository.KeyValueRepository.
2020-12-24 11:43:50.703  INFO 29676 --- [main] .RepositoryConfigurationExtensionSupport : Spring Data Redis - Could not safely identify store assignment for repository candidate interface com.zykj.follow.repository.StaffInfoRepository. If you want this repository to be a Redis repository, consider annotating your entities with one of these annotations: org.springframework.data.redis.core.RedisHash (preferred), or consider extending one of the following types with your repository: org.springframework.data.keyvalue.repository.KeyValueRepository.
2020-12-24 11:43:50.703  INFO 29676 --- [main] .RepositoryConfigurationExtensionSupport : Spring Data Redis - Could not safely identify store assignment for repository candidate interface com.zykj.follow.repository.StaffPrizeInfoRepository. If you want this repository to be a Redis repository, consider annotating your entities with one of these annotations: org.springframework.data.redis.core.RedisHash (preferred), or consider extending one of the following types with your repository: org.springframework.data.keyvalue.repository.KeyValueRepository.
2020-12-24 11:43:50.704  INFO 29676 --- [main] .RepositoryConfigurationExtensionSupport : Spring Data Redis - Could not safely identify store assignment for repository candidate interface com.zykj.follow.repository.WeChatUserQrInfoRepository. If you want this repository to be a Redis repository, consider annotating your entities with one of these annotations: org.springframework.data.redis.core.RedisHash (preferred), or consider extending one of the following types with your repository: org.springframework.data.keyvalue.repository.KeyValueRepository.
2020-12-24 11:43:50.704  INFO 29676 --- [main] .RepositoryConfigurationExtensionSupport : Spring Data Redis - Could not safely identify store assignment for repository candidate interface com.zykj.follow.repository.WechatGoldRepository. If you want this repository to be a Redis repository, consider annotating your entities with one of these annotations: org.springframework.data.redis.core.RedisHash (preferred), or consider extending one of the following types with your repository: org.springframework.data.keyvalue.repository.KeyValueRepository.
2020-12-24 11:43:50.705  INFO 29676 --- [main] .RepositoryConfigurationExtensionSupport : Spring Data Redis - Could not safely identify store assignment for repository candidate interface com.zykj.follow.repository.WechatUserInfoRepository. If you want this repository to be a Redis repository, consider annotating your entities with one of these annotations: org.springframework.data.redis.core.RedisHash (preferred), or consider extending one of the following types with your repository: org.springframework.data.keyvalue.repository.KeyValueRepository.
2020-12-24 11:43:50.705  INFO 29676 --- [main] .s.d.r.c.RepositoryConfigurationDelegate : Finished Spring Data repository scanning in 34 ms. Found 0 Redis repository interfaces.
2020-12-24 11:43:51.367  INFO 29676 --- [main] o.s.b.w.embedded.tomcat.TomcatWebServer  : Tomcat initialized with port(s): 8086 (http)
2020-12-24 11:43:51.377  INFO 29676 --- [main] o.apache.catalina.core.StandardService   : Starting service [Tomcat]
2020-12-24 11:43:51.377  INFO 29676 --- [main] org.apache.catalina.core.StandardEngine  : Starting Servlet engine: [Apache Tomcat/9.0.39]
2020-12-24 11:43:51.464  INFO 29676 --- [main] o.a.c.c.C.[.[localhost].[/ynbocfollow]   : Initializing Spring embedded WebApplicationContext
2020-12-24 11:43:51.464  INFO 29676 --- [main] w.s.c.ServletWebServerApplicationContext : Root WebApplicationContext: initialization completed in 2298 ms
2020-12-24 11:43:51.626  INFO 29676 --- [main] o.s.s.concurrent.ThreadPoolTaskExecutor  : Initializing ExecutorService 'applicationTaskExecutor'
2020-12-24 11:43:51.684  INFO 29676 --- [task-1] o.hibernate.jpa.internal.util.LogHelper  : HHH000204: Processing PersistenceUnitInfo [name: default]
2020-12-24 11:43:51.764  INFO 29676 --- [task-1] org.hibernate.Version                    : HHH000412: Hibernate ORM core version 5.4.23.Final
2020-12-24 11:43:52.217  INFO 29676 --- [task-1] o.hibernate.annotations.common.Version   : HCANN000001: Hibernate Commons Annotations {5.1.2.Final}
2020-12-24 11:43:52.757  INFO 29676 --- [task-1] com.zaxxer.hikari.HikariDataSource       : mysql - Starting...
2020-12-24 11:43:52.847  WARN 29676 --- [main] JpaBaseConfiguration$JpaWebConfiguration : spring.jpa.open-in-view is enabled by default. Therefore, database queries may be performed during view rendering. Explicitly configure spring.jpa.open-in-view to disable this warning
2020-12-24 11:43:53.268  INFO 29676 --- [task-1] com.zaxxer.hikari.HikariDataSource       : mysql - Start completed.
2020-12-24 11:43:53.298  INFO 29676 --- [task-1] org.hibernate.dialect.Dialect            : HHH000400: Using dialect: com.zykj.follow.MySQL5InnoDBDialectUtf8mb4
2020-12-24 11:43:53.532  INFO 29676 --- [main] o.s.b.w.embedded.tomcat.TomcatWebServer  : Tomcat started on port(s): 8086 (http) with context path '/ynbocfollow'
2020-12-24 11:43:53.536  INFO 29676 --- [main] DeferredRepositoryInitializationListener : Triggering deferred initialization of Spring Data repositories…
2020-12-24 11:43:54.489  INFO 29676 --- [task-1] o.h.e.t.j.p.i.JtaPlatformInitiator       : HHH000490: Using JtaPlatform implementation: [org.hibernate.engine.transaction.jta.platform.internal.NoJtaPlatform]
2020-12-24 11:43:54.501  INFO 29676 --- [task-1] j.LocalContainerEntityManagerFactoryBean : Initialized JPA EntityManagerFactory for persistence unit 'default'
2020-12-24 11:43:55.014  INFO 29676 --- [main] DeferredRepositoryInitializationListener : Spring Data repositories initialized!
2020-12-24 11:43:55.022  INFO 29676 --- [main] com.zykj.follow.FollowApplication        : Started FollowApplication in 7.76 seconds (JVM running for 8.774)
2020-12-24 11:44:47.249  INFO 29676 --- [http-nio-8086-exec-1] o.a.c.c.C.[.[localhost].[/ynbocfollow]   : Initializing Spring DispatcherServlet 'dispatcherServlet'
2020-12-24 11:44:47.249  INFO 29676 --- [http-nio-8086-exec-1] o.s.web.servlet.DispatcherServlet        : Initializing Servlet 'dispatcherServlet'
2020-12-24 11:44:47.252  INFO 29676 --- [http-nio-8086-exec-1] o.s.web.servlet.DispatcherServlet        : Completed initialization in 2 ms
2020-12-24 11:44:48.374  INFO 29676 --- [http-nio-8086-exec-10] c.zykj.follow.controller.UserController  : 获取抽奖次数18301221126
2020-12-24 11:46:49.411  INFO 29676 --- [SpringContextShutdownHook] j.LocalContainerEntityManagerFactoryBean : Closing JPA EntityManagerFactory for persistence unit 'default'
2020-12-24 11:46:49.420  INFO 29676 --- [SpringContextShutdownHook] o.s.s.concurrent.ThreadPoolTaskExecutor  : Shutting down ExecutorService 'applicationTaskExecutor'
2020-12-24 11:46:49.421  INFO 29676 --- [SpringContextShutdownHook] com.zaxxer.hikari.HikariDataSource       : mysql - Shutdown initiated...
2020-12-24 11:46:49.433  INFO 29676 --- [SpringContextShutdownHook] com.zaxxer.hikari.HikariDataSource       : mysql - Shutdown completed.
2020-12-24 11:46:53.715  INFO 29742 --- [main] com.zykj.follow.FollowApplication        : Starting FollowApplication using Java 1.8.0_192 on 192.168.0.109 with PID 29742 (/Users/tang/IdeaProjects/boc_yn/follow/out/production/classes started by tang in /Users/tang/IdeaProjects/boc_yn)
2020-12-24 11:46:53.718  INFO 29742 --- [main] com.zykj.follow.FollowApplication        : The following profiles are active: prod
2020-12-24 11:46:53.772  WARN 29742 --- [background-preinit] o.s.h.c.j.Jackson2ObjectMapperBuilder    : For Jackson Kotlin classes support please add "com.fasterxml.jackson.module:jackson-module-kotlin" to the classpath
2020-12-24 11:46:54.980  INFO 29742 --- [main] .s.d.r.c.RepositoryConfigurationDelegate : Multiple Spring Data modules found, entering strict repository configuration mode!
2020-12-24 11:46:54.981  INFO 29742 --- [main] .s.d.r.c.RepositoryConfigurationDelegate : Bootstrapping Spring Data JPA repositories in DEFERRED mode.
2020-12-24 11:46:55.108  INFO 29742 --- [main] .s.d.r.c.RepositoryConfigurationDelegate : Finished Spring Data repository scanning in 117 ms. Found 13 JPA repository interfaces.
2020-12-24 11:46:55.123  INFO 29742 --- [main] .s.d.r.c.RepositoryConfigurationDelegate : Multiple Spring Data modules found, entering strict repository configuration mode!
2020-12-24 11:46:55.124  INFO 29742 --- [main] .s.d.r.c.RepositoryConfigurationDelegate : Bootstrapping Spring Data Redis repositories in DEFAULT mode.
2020-12-24 11:46:55.140  INFO 29742 --- [main] .RepositoryConfigurationExtensionSupport : Spring Data Redis - Could not safely identify store assignment for repository candidate interface com.zykj.follow.repository.BranchRepository. If you want this repository to be a Redis repository, consider annotating your entities with one of these annotations: org.springframework.data.redis.core.RedisHash (preferred), or consider extending one of the following types with your repository: org.springframework.data.keyvalue.repository.KeyValueRepository.
2020-12-24 11:46:55.141  INFO 29742 --- [main] .RepositoryConfigurationExtensionSupport : Spring Data Redis - Could not safely identify store assignment for repository candidate interface com.zykj.follow.repository.BusinessSupportRepository. If you want this repository to be a Redis repository, consider annotating your entities with one of these annotations: org.springframework.data.redis.core.RedisHash (preferred), or consider extending one of the following types with your repository: org.springframework.data.keyvalue.repository.KeyValueRepository.
2020-12-24 11:46:55.142  INFO 29742 --- [main] .RepositoryConfigurationExtensionSupport : Spring Data Redis - Could not safely identify store assignment for repository candidate interface com.zykj.follow.repository.CollectRecordsRepository. If you want this repository to be a Redis repository, consider annotating your entities with one of these annotations: org.springframework.data.redis.core.RedisHash (preferred), or consider extending one of the following types with your repository: org.springframework.data.keyvalue.repository.KeyValueRepository.
2020-12-24 11:46:55.143  INFO 29742 --- [main] .RepositoryConfigurationExtensionSupport : Spring Data Redis - Could not safely identify store assignment for repository candidate interface com.zykj.follow.repository.InvitationRecordRepository. If you want this repository to be a Redis repository, consider annotating your entities with one of these annotations: org.springframework.data.redis.core.RedisHash (preferred), or consider extending one of the following types with your repository: org.springframework.data.keyvalue.repository.KeyValueRepository.
2020-12-24 11:46:55.143  INFO 29742 --- [main] .RepositoryConfigurationExtensionSupport : Spring Data Redis - Could not safely identify store assignment for repository candidate interface com.zykj.follow.repository.LotteryNumberRepository. If you want this repository to be a Redis repository, consider annotating your entities with one of these annotations: org.springframework.data.redis.core.RedisHash (preferred), or consider extending one of the following types with your repository: org.springframework.data.keyvalue.repository.KeyValueRepository.
2020-12-24 11:46:55.144  INFO 29742 --- [main] .RepositoryConfigurationExtensionSupport : Spring Data Redis - Could not safely identify store assignment for repository candidate interface com.zykj.follow.repository.PayOrderRepository. If you want this repository to be a Redis repository, consider annotating your entities with one of these annotations: org.springframework.data.redis.core.RedisHash (preferred), or consider extending one of the following types with your repository: org.springframework.data.keyvalue.repository.KeyValueRepository.
2020-12-24 11:46:55.144  INFO 29742 --- [main] .RepositoryConfigurationExtensionSupport : Spring Data Redis - Could not safely identify store assignment for repository candidate interface com.zykj.follow.repository.PrizeInfoRepository. If you want this repository to be a Redis repository, consider annotating your entities with one of these annotations: org.springframework.data.redis.core.RedisHash (preferred), or consider extending one of the following types with your repository: org.springframework.data.keyvalue.repository.KeyValueRepository.
2020-12-24 11:46:55.145  INFO 29742 --- [main] .RepositoryConfigurationExtensionSupport : Spring Data Redis - Could not safely identify store assignment for repository candidate interface com.zykj.follow.repository.ReceivePhoneInfoRepository. If you want this repository to be a Redis repository, consider annotating your entities with one of these annotations: org.springframework.data.redis.core.RedisHash (preferred), or consider extending one of the following types with your repository: org.springframework.data.keyvalue.repository.KeyValueRepository.
2020-12-24 11:46:55.146  INFO 29742 --- [main] .RepositoryConfigurationExtensionSupport : Spring Data Redis - Could not safely identify store assignment for repository candidate interface com.zykj.follow.repository.StaffInfoRepository. If you want this repository to be a Redis repository, consider annotating your entities with one of these annotations: org.springframework.data.redis.core.RedisHash (preferred), or consider extending one of the following types with your repository: org.springframework.data.keyvalue.repository.KeyValueRepository.
2020-12-24 11:46:55.147  INFO 29742 --- [main] .RepositoryConfigurationExtensionSupport : Spring Data Redis - Could not safely identify store assignment for repository candidate interface com.zykj.follow.repository.StaffPrizeInfoRepository. If you want this repository to be a Redis repository, consider annotating your entities with one of these annotations: org.springframework.data.redis.core.RedisHash (preferred), or consider extending one of the following types with your repository: org.springframework.data.keyvalue.repository.KeyValueRepository.
2020-12-24 11:46:55.148  INFO 29742 --- [main] .RepositoryConfigurationExtensionSupport : Spring Data Redis - Could not safely identify store assignment for repository candidate interface com.zykj.follow.repository.WeChatUserQrInfoRepository. If you want this repository to be a Redis repository, consider annotating your entities with one of these annotations: org.springframework.data.redis.core.RedisHash (preferred), or consider extending one of the following types with your repository: org.springframework.data.keyvalue.repository.KeyValueRepository.
2020-12-24 11:46:55.149  INFO 29742 --- [main] .RepositoryConfigurationExtensionSupport : Spring Data Redis - Could not safely identify store assignment for repository candidate interface com.zykj.follow.repository.WechatGoldRepository. If you want this repository to be a Redis repository, consider annotating your entities with one of these annotations: org.springframework.data.redis.core.RedisHash (preferred), or consider extending one of the following types with your repository: org.springframework.data.keyvalue.repository.KeyValueRepository.
2020-12-24 11:46:55.149  INFO 29742 --- [main] .RepositoryConfigurationExtensionSupport : Spring Data Redis - Could not safely identify store assignment for repository candidate interface com.zykj.follow.repository.WechatUserInfoRepository. If you want this repository to be a Redis repository, consider annotating your entities with one of these annotations: org.springframework.data.redis.core.RedisHash (preferred), or consider extending one of the following types with your repository: org.springframework.data.keyvalue.repository.KeyValueRepository.
2020-12-24 11:46:55.150  INFO 29742 --- [main] .s.d.r.c.RepositoryConfigurationDelegate : Finished Spring Data repository scanning in 18 ms. Found 0 Redis repository interfaces.
2020-12-24 11:46:55.594  INFO 29742 --- [main] o.s.b.w.embedded.tomcat.TomcatWebServer  : Tomcat initialized with port(s): 8086 (http)
2020-12-24 11:46:55.602  INFO 29742 --- [main] o.apache.catalina.core.StandardService   : Starting service [Tomcat]
2020-12-24 11:46:55.602  INFO 29742 --- [main] org.apache.catalina.core.StandardEngine  : Starting Servlet engine: [Apache Tomcat/9.0.39]
2020-12-24 11:46:55.680  INFO 29742 --- [main] o.a.c.c.C.[.[localhost].[/ynbocfollow]   : Initializing Spring embedded WebApplicationContext
2020-12-24 11:46:55.680  INFO 29742 --- [main] w.s.c.ServletWebServerApplicationContext : Root WebApplicationContext: initialization completed in 1850 ms
2020-12-24 11:46:55.784  INFO 29742 --- [main] o.s.s.concurrent.ThreadPoolTaskExecutor  : Initializing ExecutorService 'applicationTaskExecutor'
2020-12-24 11:46:55.816  INFO 29742 --- [task-1] o.hibernate.jpa.internal.util.LogHelper  : HHH000204: Processing PersistenceUnitInfo [name: default]
2020-12-24 11:46:55.870  INFO 29742 --- [task-1] org.hibernate.Version                    : HHH000412: Hibernate ORM core version 5.4.23.Final
2020-12-24 11:46:56.102  INFO 29742 --- [task-1] o.hibernate.annotations.common.Version   : HCANN000001: Hibernate Commons Annotations {5.1.2.Final}
2020-12-24 11:46:56.190  INFO 29742 --- [task-1] com.zaxxer.hikari.HikariDataSource       : mysql - Starting...
2020-12-24 11:46:56.237  WARN 29742 --- [main] JpaBaseConfiguration$JpaWebConfiguration : spring.jpa.open-in-view is enabled by default. Therefore, database queries may be performed during view rendering. Explicitly configure spring.jpa.open-in-view to disable this warning
2020-12-24 11:46:56.482  INFO 29742 --- [task-1] com.zaxxer.hikari.HikariDataSource       : mysql - Start completed.
2020-12-24 11:46:56.493  INFO 29742 --- [task-1] org.hibernate.dialect.Dialect            : HHH000400: Using dialect: com.zykj.follow.MySQL5InnoDBDialectUtf8mb4
2020-12-24 11:46:56.660  INFO 29742 --- [main] o.s.b.w.embedded.tomcat.TomcatWebServer  : Tomcat started on port(s): 8086 (http) with context path '/ynbocfollow'
2020-12-24 11:46:56.663  INFO 29742 --- [main] DeferredRepositoryInitializationListener : Triggering deferred initialization of Spring Data repositories…
2020-12-24 11:46:57.355  INFO 29742 --- [task-1] o.h.e.t.j.p.i.JtaPlatformInitiator       : HHH000490: Using JtaPlatform implementation: [org.hibernate.engine.transaction.jta.platform.internal.NoJtaPlatform]
2020-12-24 11:46:57.362  INFO 29742 --- [task-1] j.LocalContainerEntityManagerFactoryBean : Initialized JPA EntityManagerFactory for persistence unit 'default'
2020-12-24 11:46:57.773  INFO 29742 --- [main] DeferredRepositoryInitializationListener : Spring Data repositories initialized!
2020-12-24 11:46:57.781  INFO 29742 --- [main] com.zykj.follow.FollowApplication        : Started FollowApplication in 4.826 seconds (JVM running for 5.817)
2020-12-24 11:47:14.711  INFO 29742 --- [SpringContextShutdownHook] j.LocalContainerEntityManagerFactoryBean : Closing JPA EntityManagerFactory for persistence unit 'default'
2020-12-24 11:47:14.713  INFO 29742 --- [SpringContextShutdownHook] o.s.s.concurrent.ThreadPoolTaskExecutor  : Shutting down ExecutorService 'applicationTaskExecutor'
2020-12-24 11:47:14.713  INFO 29742 --- [SpringContextShutdownHook] com.zaxxer.hikari.HikariDataSource       : mysql - Shutdown initiated...
2020-12-24 11:47:14.721  INFO 29742 --- [SpringContextShutdownHook] com.zaxxer.hikari.HikariDataSource       : mysql - Shutdown completed.
2020-12-24 15:00:22.036  INFO 31464 --- [main] com.zykj.follow.FollowApplication        : Starting FollowApplication using Java 1.8.0_192 on 192.168.0.109 with PID 31464 (/Users/tang/IdeaProjects/boc_yn/follow/out/production/classes started by tang in /Users/tang/IdeaProjects/boc_yn)
2020-12-24 15:00:22.039  INFO 31464 --- [main] com.zykj.follow.FollowApplication        : The following profiles are active: prod
2020-12-24 15:00:22.141  WARN 31464 --- [background-preinit] o.s.h.c.j.Jackson2ObjectMapperBuilder    : For Jackson Kotlin classes support please add "com.fasterxml.jackson.module:jackson-module-kotlin" to the classpath
2020-12-24 15:00:23.115  INFO 31464 --- [main] .s.d.r.c.RepositoryConfigurationDelegate : Multiple Spring Data modules found, entering strict repository configuration mode!
2020-12-24 15:00:23.116  INFO 31464 --- [main] .s.d.r.c.RepositoryConfigurationDelegate : Bootstrapping Spring Data JPA repositories in DEFERRED mode.
2020-12-24 15:00:23.292  INFO 31464 --- [main] .s.d.r.c.RepositoryConfigurationDelegate : Finished Spring Data repository scanning in 164 ms. Found 13 JPA repository interfaces.
2020-12-24 15:00:23.334  INFO 31464 --- [main] .s.d.r.c.RepositoryConfigurationDelegate : Multiple Spring Data modules found, entering strict repository configuration mode!
2020-12-24 15:00:23.336  INFO 31464 --- [main] .s.d.r.c.RepositoryConfigurationDelegate : Bootstrapping Spring Data Redis repositories in DEFAULT mode.
2020-12-24 15:00:23.364  INFO 31464 --- [main] .RepositoryConfigurationExtensionSupport : Spring Data Redis - Could not safely identify store assignment for repository candidate interface com.zykj.follow.repository.BranchRepository. If you want this repository to be a Redis repository, consider annotating your entities with one of these annotations: org.springframework.data.redis.core.RedisHash (preferred), or consider extending one of the following types with your repository: org.springframework.data.keyvalue.repository.KeyValueRepository.
2020-12-24 15:00:23.365  INFO 31464 --- [main] .RepositoryConfigurationExtensionSupport : Spring Data Redis - Could not safely identify store assignment for repository candidate interface com.zykj.follow.repository.BusinessSupportRepository. If you want this repository to be a Redis repository, consider annotating your entities with one of these annotations: org.springframework.data.redis.core.RedisHash (preferred), or consider extending one of the following types with your repository: org.springframework.data.keyvalue.repository.KeyValueRepository.
2020-12-24 15:00:23.367  INFO 31464 --- [main] .RepositoryConfigurationExtensionSupport : Spring Data Redis - Could not safely identify store assignment for repository candidate interface com.zykj.follow.repository.CollectRecordsRepository. If you want this repository to be a Redis repository, consider annotating your entities with one of these annotations: org.springframework.data.redis.core.RedisHash (preferred), or consider extending one of the following types with your repository: org.springframework.data.keyvalue.repository.KeyValueRepository.
2020-12-24 15:00:23.368  INFO 31464 --- [main] .RepositoryConfigurationExtensionSupport : Spring Data Redis - Could not safely identify store assignment for repository candidate interface com.zykj.follow.repository.InvitationRecordRepository. If you want this repository to be a Redis repository, consider annotating your entities with one of these annotations: org.springframework.data.redis.core.RedisHash (preferred), or consider extending one of the following types with your repository: org.springframework.data.keyvalue.repository.KeyValueRepository.
2020-12-24 15:00:23.369  INFO 31464 --- [main] .RepositoryConfigurationExtensionSupport : Spring Data Redis - Could not safely identify store assignment for repository candidate interface com.zykj.follow.repository.LotteryNumberRepository. If you want this repository to be a Redis repository, consider annotating your entities with one of these annotations: org.springframework.data.redis.core.RedisHash (preferred), or consider extending one of the following types with your repository: org.springframework.data.keyvalue.repository.KeyValueRepository.
2020-12-24 15:00:23.370  INFO 31464 --- [main] .RepositoryConfigurationExtensionSupport : Spring Data Redis - Could not safely identify store assignment for repository candidate interface com.zykj.follow.repository.PayOrderRepository. If you want this repository to be a Redis repository, consider annotating your entities with one of these annotations: org.springframework.data.redis.core.RedisHash (preferred), or consider extending one of the following types with your repository: org.springframework.data.keyvalue.repository.KeyValueRepository.
2020-12-24 15:00:23.370  INFO 31464 --- [main] .RepositoryConfigurationExtensionSupport : Spring Data Redis - Could not safely identify store assignment for repository candidate interface com.zykj.follow.repository.PrizeInfoRepository. If you want this repository to be a Redis repository, consider annotating your entities with one of these annotations: org.springframework.data.redis.core.RedisHash (preferred), or consider extending one of the following types with your repository: org.springframework.data.keyvalue.repository.KeyValueRepository.
2020-12-24 15:00:23.371  INFO 31464 --- [main] .RepositoryConfigurationExtensionSupport : Spring Data Redis - Could not safely identify store assignment for repository candidate interface com.zykj.follow.repository.ReceivePhoneInfoRepository. If you want this repository to be a Redis repository, consider annotating your entities with one of these annotations: org.springframework.data.redis.core.RedisHash (preferred), or consider extending one of the following types with your repository: org.springframework.data.keyvalue.repository.KeyValueRepository.
2020-12-24 15:00:23.372  INFO 31464 --- [main] .RepositoryConfigurationExtensionSupport : Spring Data Redis - Could not safely identify store assignment for repository candidate interface com.zykj.follow.repository.StaffInfoRepository. If you want this repository to be a Redis repository, consider annotating your entities with one of these annotations: org.springframework.data.redis.core.RedisHash (preferred), or consider extending one of the following types with your repository: org.springframework.data.keyvalue.repository.KeyValueRepository.
2020-12-24 15:00:23.373  INFO 31464 --- [main] .RepositoryConfigurationExtensionSupport : Spring Data Redis - Could not safely identify store assignment for repository candidate interface com.zykj.follow.repository.StaffPrizeInfoRepository. If you want this repository to be a Redis repository, consider annotating your entities with one of these annotations: org.springframework.data.redis.core.RedisHash (preferred), or consider extending one of the following types with your repository: org.springframework.data.keyvalue.repository.KeyValueRepository.
2020-12-24 15:00:23.375  INFO 31464 --- [main] .RepositoryConfigurationExtensionSupport : Spring Data Redis - Could not safely identify store assignment for repository candidate interface com.zykj.follow.repository.WeChatUserQrInfoRepository. If you want this repository to be a Redis repository, consider annotating your entities with one of these annotations: org.springframework.data.redis.core.RedisHash (preferred), or consider extending one of the following types with your repository: org.springframework.data.keyvalue.repository.KeyValueRepository.
2020-12-24 15:00:23.376  INFO 31464 --- [main] .RepositoryConfigurationExtensionSupport : Spring Data Redis - Could not safely identify store assignment for repository candidate interface com.zykj.follow.repository.WechatGoldRepository. If you want this repository to be a Redis repository, consider annotating your entities with one of these annotations: org.springframework.data.redis.core.RedisHash (preferred), or consider extending one of the following types with your repository: org.springframework.data.keyvalue.repository.KeyValueRepository.
2020-12-24 15:00:23.376  INFO 31464 --- [main] .RepositoryConfigurationExtensionSupport : Spring Data Redis - Could not safely identify store assignment for repository candidate interface com.zykj.follow.repository.WechatUserInfoRepository. If you want this repository to be a Redis repository, consider annotating your entities with one of these annotations: org.springframework.data.redis.core.RedisHash (preferred), or consider extending one of the following types with your repository: org.springframework.data.keyvalue.repository.KeyValueRepository.
2020-12-24 15:00:23.377  INFO 31464 --- [main] .s.d.r.c.RepositoryConfigurationDelegate : Finished Spring Data repository scanning in 27 ms. Found 0 Redis repository interfaces.
2020-12-24 15:00:23.984  INFO 31464 --- [main] o.s.b.w.embedded.tomcat.TomcatWebServer  : Tomcat initialized with port(s): 8086 (http)
2020-12-24 15:00:23.997  INFO 31464 --- [main] o.apache.catalina.core.StandardService   : Starting service [Tomcat]
2020-12-24 15:00:23.997  INFO 31464 --- [main] org.apache.catalina.core.StandardEngine  : Starting Servlet engine: [Apache Tomcat/9.0.39]
2020-12-24 15:00:24.084  INFO 31464 --- [main] o.a.c.c.C.[.[localhost].[/ynbocfollow]   : Initializing Spring embedded WebApplicationContext
2020-12-24 15:00:24.084  INFO 31464 --- [main] w.s.c.ServletWebServerApplicationContext : Root WebApplicationContext: initialization completed in 1986 ms
2020-12-24 15:00:24.245  INFO 31464 --- [main] o.s.s.concurrent.ThreadPoolTaskExecutor  : Initializing ExecutorService 'applicationTaskExecutor'
2020-12-24 15:00:24.287  INFO 31464 --- [task-1] o.hibernate.jpa.internal.util.LogHelper  : HHH000204: Processing PersistenceUnitInfo [name: default]
2020-12-24 15:00:24.340  INFO 31464 --- [task-1] org.hibernate.Version                    : HHH000412: Hibernate ORM core version 5.4.23.Final
2020-12-24 15:00:24.559  INFO 31464 --- [task-1] o.hibernate.annotations.common.Version   : HCANN000001: Hibernate Commons Annotations {5.1.2.Final}
2020-12-24 15:00:24.643  INFO 31464 --- [task-1] com.zaxxer.hikari.HikariDataSource       : mysql - Starting...
2020-12-24 15:00:24.704  WARN 31464 --- [main] JpaBaseConfiguration$JpaWebConfiguration : spring.jpa.open-in-view is enabled by default. Therefore, database queries may be performed during view rendering. Explicitly configure spring.jpa.open-in-view to disable this warning
2020-12-24 15:00:25.077  INFO 31464 --- [task-1] com.zaxxer.hikari.HikariDataSource       : mysql - Start completed.
2020-12-24 15:00:25.094  INFO 31464 --- [task-1] org.hibernate.dialect.Dialect            : HHH000400: Using dialect: com.zykj.follow.MySQL5InnoDBDialectUtf8mb4
2020-12-24 15:00:25.194  INFO 31464 --- [main] o.s.b.w.embedded.tomcat.TomcatWebServer  : Tomcat started on port(s): 8086 (http) with context path '/ynbocfollow'
2020-12-24 15:00:25.197  INFO 31464 --- [main] DeferredRepositoryInitializationListener : Triggering deferred initialization of Spring Data repositories…
2020-12-24 15:00:26.021  INFO 31464 --- [task-1] o.h.e.t.j.p.i.JtaPlatformInitiator       : HHH000490: Using JtaPlatform implementation: [org.hibernate.engine.transaction.jta.platform.internal.NoJtaPlatform]
2020-12-24 15:00:26.031  INFO 31464 --- [task-1] j.LocalContainerEntityManagerFactoryBean : Initialized JPA EntityManagerFactory for persistence unit 'default'
2020-12-24 15:00:26.470  INFO 31464 --- [main] DeferredRepositoryInitializationListener : Spring Data repositories initialized!
2020-12-24 15:00:26.478  INFO 31464 --- [main] com.zykj.follow.FollowApplication        : Started FollowApplication in 5.005 seconds (JVM running for 5.884)
2020-12-24 15:00:30.959  INFO 31464 --- [SpringContextShutdownHook] j.LocalContainerEntityManagerFactoryBean : Closing JPA EntityManagerFactory for persistence unit 'default'
2020-12-24 15:00:30.962  INFO 31464 --- [SpringContextShutdownHook] o.s.s.concurrent.ThreadPoolTaskExecutor  : Shutting down ExecutorService 'applicationTaskExecutor'
2020-12-24 15:00:30.963  INFO 31464 --- [SpringContextShutdownHook] com.zaxxer.hikari.HikariDataSource       : mysql - Shutdown initiated...
2020-12-24 15:00:30.981  INFO 31464 --- [SpringContextShutdownHook] com.zaxxer.hikari.HikariDataSource       : mysql - Shutdown completed.
