2020-12-15 14:21:58.083  INFO 8404 --- [main] com.zykj.follow.FollowApplication        : Starting FollowApplication using Java 1.8.0_192 on 192.168.0.109 with PID 8404 (/Users/tang/IdeaProjects/boc_yn/follow/out/production/classes started by tang in /Users/tang/IdeaProjects/boc_yn)
2020-12-15 14:21:58.090  INFO 8404 --- [main] com.zykj.follow.FollowApplication        : The following profiles are active: dev
2020-12-15 14:21:58.149  WARN 8404 --- [background-preinit] o.s.h.c.j.Jackson2ObjectMapperBuilder    : For Jackson Kotlin classes support please add "com.fasterxml.jackson.module:jackson-module-kotlin" to the classpath
2020-12-15 14:21:59.071  INFO 8404 --- [main] .s.d.r.c.RepositoryConfigurationDelegate : Multiple Spring Data modules found, entering strict repository configuration mode!
2020-12-15 14:21:59.072  INFO 8404 --- [main] .s.d.r.c.RepositoryConfigurationDelegate : Bootstrapping Spring Data JPA repositories in DEFERRED mode.
2020-12-15 14:21:59.171  INFO 8404 --- [main] .s.d.r.c.RepositoryConfigurationDelegate : Finished Spring Data repository scanning in 91 ms. Found 6 JPA repository interfaces.
2020-12-15 14:21:59.194  INFO 8404 --- [main] .s.d.r.c.RepositoryConfigurationDelegate : Multiple Spring Data modules found, entering strict repository configuration mode!
2020-12-15 14:21:59.196  INFO 8404 --- [main] .s.d.r.c.RepositoryConfigurationDelegate : Bootstrapping Spring Data Redis repositories in DEFAULT mode.
2020-12-15 14:21:59.219  INFO 8404 --- [main] .RepositoryConfigurationExtensionSupport : Spring Data Redis - Could not safely identify store assignment for repository candidate interface com.zykj.follow.repository.CollectRecordsRepository. If you want this repository to be a Redis repository, consider annotating your entities with one of these annotations: org.springframework.data.redis.core.RedisHash (preferred), or consider extending one of the following types with your repository: org.springframework.data.keyvalue.repository.KeyValueRepository.
2020-12-15 14:21:59.220  INFO 8404 --- [main] .RepositoryConfigurationExtensionSupport : Spring Data Redis - Could not safely identify store assignment for repository candidate interface com.zykj.follow.repository.LotteryNumberRepository. If you want this repository to be a Redis repository, consider annotating your entities with one of these annotations: org.springframework.data.redis.core.RedisHash (preferred), or consider extending one of the following types with your repository: org.springframework.data.keyvalue.repository.KeyValueRepository.
2020-12-15 14:21:59.220  INFO 8404 --- [main] .RepositoryConfigurationExtensionSupport : Spring Data Redis - Could not safely identify store assignment for repository candidate interface com.zykj.follow.repository.PrizeInfoRepository. If you want this repository to be a Redis repository, consider annotating your entities with one of these annotations: org.springframework.data.redis.core.RedisHash (preferred), or consider extending one of the following types with your repository: org.springframework.data.keyvalue.repository.KeyValueRepository.
2020-12-15 14:21:59.221  INFO 8404 --- [main] .RepositoryConfigurationExtensionSupport : Spring Data Redis - Could not safely identify store assignment for repository candidate interface com.zykj.follow.repository.ReceivePhoneInfoRepository. If you want this repository to be a Redis repository, consider annotating your entities with one of these annotations: org.springframework.data.redis.core.RedisHash (preferred), or consider extending one of the following types with your repository: org.springframework.data.keyvalue.repository.KeyValueRepository.
2020-12-15 14:21:59.222  INFO 8404 --- [main] .RepositoryConfigurationExtensionSupport : Spring Data Redis - Could not safely identify store assignment for repository candidate interface com.zykj.follow.repository.WeChatUserQrInfoRepository. If you want this repository to be a Redis repository, consider annotating your entities with one of these annotations: org.springframework.data.redis.core.RedisHash (preferred), or consider extending one of the following types with your repository: org.springframework.data.keyvalue.repository.KeyValueRepository.
2020-12-15 14:21:59.223  INFO 8404 --- [main] .RepositoryConfigurationExtensionSupport : Spring Data Redis - Could not safely identify store assignment for repository candidate interface com.zykj.follow.repository.WechatUserInfoRepository. If you want this repository to be a Redis repository, consider annotating your entities with one of these annotations: org.springframework.data.redis.core.RedisHash (preferred), or consider extending one of the following types with your repository: org.springframework.data.keyvalue.repository.KeyValueRepository.
2020-12-15 14:21:59.223  INFO 8404 --- [main] .s.d.r.c.RepositoryConfigurationDelegate : Finished Spring Data repository scanning in 16 ms. Found 0 Redis repository interfaces.
2020-12-15 14:21:59.855  INFO 8404 --- [main] o.s.b.w.embedded.tomcat.TomcatWebServer  : Tomcat initialized with port(s): 8086 (http)
2020-12-15 14:21:59.863  INFO 8404 --- [main] o.apache.catalina.core.StandardService   : Starting service [Tomcat]
2020-12-15 14:21:59.863  INFO 8404 --- [main] org.apache.catalina.core.StandardEngine  : Starting Servlet engine: [Apache Tomcat/9.0.39]
2020-12-15 14:21:59.940  INFO 8404 --- [main] o.a.c.c.C.[.[localhost].[/ynbocfollow]   : Initializing Spring embedded WebApplicationContext
2020-12-15 14:21:59.940  INFO 8404 --- [main] w.s.c.ServletWebServerApplicationContext : Root WebApplicationContext: initialization completed in 1803 ms
2020-12-15 14:22:00.059  INFO 8404 --- [main] o.s.s.concurrent.ThreadPoolTaskExecutor  : Initializing ExecutorService 'applicationTaskExecutor'
2020-12-15 14:22:00.097  INFO 8404 --- [task-1] o.hibernate.jpa.internal.util.LogHelper  : HHH000204: Processing PersistenceUnitInfo [name: default]
2020-12-15 14:22:00.145  INFO 8404 --- [task-1] org.hibernate.Version                    : HHH000412: Hibernate ORM core version 5.4.23.Final
2020-12-15 14:22:00.410  INFO 8404 --- [task-1] o.hibernate.annotations.common.Version   : HCANN000001: Hibernate Commons Annotations {5.1.2.Final}
2020-12-15 14:22:00.518  INFO 8404 --- [task-1] com.zaxxer.hikari.HikariDataSource       : mysql - Starting...
2020-12-15 14:22:00.542  WARN 8404 --- [main] JpaBaseConfiguration$JpaWebConfiguration : spring.jpa.open-in-view is enabled by default. Therefore, database queries may be performed during view rendering. Explicitly configure spring.jpa.open-in-view to disable this warning
2020-12-15 14:22:00.890  INFO 8404 --- [main] o.s.b.w.embedded.tomcat.TomcatWebServer  : Tomcat started on port(s): 8086 (http) with context path '/ynbocfollow'
2020-12-15 14:22:00.892  INFO 8404 --- [main] DeferredRepositoryInitializationListener : Triggering deferred initialization of Spring Data repositories…
2020-12-15 14:22:01.089  INFO 8404 --- [task-1] com.zaxxer.hikari.HikariDataSource       : mysql - Start completed.
2020-12-15 14:22:01.108  INFO 8404 --- [task-1] org.hibernate.dialect.Dialect            : HHH000400: Using dialect: com.zykj.follow.MySQL5InnoDBDialectUtf8mb4
2020-12-15 14:22:02.105  INFO 8404 --- [task-1] o.h.e.t.j.p.i.JtaPlatformInitiator       : HHH000490: Using JtaPlatform implementation: [org.hibernate.engine.transaction.jta.platform.internal.NoJtaPlatform]
2020-12-15 14:22:02.112  INFO 8404 --- [task-1] j.LocalContainerEntityManagerFactoryBean : Initialized JPA EntityManagerFactory for persistence unit 'default'
2020-12-15 14:22:02.392  INFO 8404 --- [main] DeferredRepositoryInitializationListener : Spring Data repositories initialized!
2020-12-15 14:22:02.400  INFO 8404 --- [main] com.zykj.follow.FollowApplication        : Started FollowApplication in 4.652 seconds (JVM running for 5.266)
2020-12-15 14:22:08.129  INFO 8404 --- [http-nio-8086-exec-1] o.a.c.c.C.[.[localhost].[/ynbocfollow]   : Initializing Spring DispatcherServlet 'dispatcherServlet'
2020-12-15 14:22:08.129  INFO 8404 --- [http-nio-8086-exec-1] o.s.web.servlet.DispatcherServlet        : Initializing Servlet 'dispatcherServlet'
2020-12-15 14:22:08.131  INFO 8404 --- [http-nio-8086-exec-1] o.s.web.servlet.DispatcherServlet        : Completed initialization in 2 ms
2020-12-15 14:22:25.078  INFO 8404 --- [http-nio-8086-exec-7] c.zykj.follow.controller.UserController  : 获取抽奖次数18612791126
2020-12-15 14:23:51.729  INFO 8404 --- [SpringContextShutdownHook] j.LocalContainerEntityManagerFactoryBean : Closing JPA EntityManagerFactory for persistence unit 'default'
2020-12-15 14:23:51.732  INFO 8404 --- [SpringContextShutdownHook] o.s.s.concurrent.ThreadPoolTaskExecutor  : Shutting down ExecutorService 'applicationTaskExecutor'
2020-12-15 14:23:51.732  INFO 8404 --- [SpringContextShutdownHook] com.zaxxer.hikari.HikariDataSource       : mysql - Shutdown initiated...
2020-12-15 14:23:51.739  INFO 8404 --- [SpringContextShutdownHook] com.zaxxer.hikari.HikariDataSource       : mysql - Shutdown completed.
